2020-10-11 20:16:57.399  INFO 17100 --- [main] .g.s.SpringBoot01LoggingApplicationTests : Starting SpringBoot01LoggingApplicationTests on DESKTOP-GGUL4EN with PID 17100 (started by 于杰丞 in G:\新建文件夹\spring-boot-01-logging)
2020-10-11 20:16:57.401 DEBUG 17100 --- [main] .g.s.SpringBoot01LoggingApplicationTests : Running with Spring Boot v2.3.4.RELEASE, Spring v5.2.9.RELEASE
2020-10-11 20:16:57.402  INFO 17100 --- [main] .g.s.SpringBoot01LoggingApplicationTests : No active profile set, falling back to default profiles: default
2020-10-11 20:16:58.947  INFO 17100 --- [main] o.s.s.concurrent.ThreadPoolTaskExecutor  : Initializing ExecutorService 'applicationTaskExecutor'
2020-10-11 20:16:59.234  INFO 17100 --- [main] .g.s.SpringBoot01LoggingApplicationTests : Started SpringBoot01LoggingApplicationTests in 2.143 seconds (JVM running for 3.284)
2020-10-11 20:16:59.437 TRACE 17100 --- [main] .g.s.SpringBoot01LoggingApplicationTests : 这是trace日志...
2020-10-11 20:16:59.437 DEBUG 17100 --- [main] .g.s.SpringBoot01LoggingApplicationTests : 这是debug日志...
2020-10-11 20:16:59.437  INFO 17100 --- [main] .g.s.SpringBoot01LoggingApplicationTests : 这是info日志...
2020-10-11 20:16:59.437  WARN 17100 --- [main] .g.s.SpringBoot01LoggingApplicationTests : 这是warn日志...
2020-10-11 20:16:59.437 ERROR 17100 --- [main] .g.s.SpringBoot01LoggingApplicationTests : 这是error日志..
2020-10-11 20:16:59.454  INFO 17100 --- [SpringContextShutdownHook] o.s.s.concurrent.ThreadPoolTaskExecutor  : Shutting down ExecutorService 'applicationTaskExecutor'
2020-10-11 20:17:06.386  INFO 18860 --- [main] c.g.s.SpringBoot01LoggingApplication     : Starting SpringBoot01LoggingApplication on DESKTOP-GGUL4EN with PID 18860 (G:\新建文件夹\spring-boot-01-logging\target\classes started by 于杰丞 in G:\新建文件夹\spring-boot-01-logging)
2020-10-11 20:17:06.390 DEBUG 18860 --- [main] c.g.s.SpringBoot01LoggingApplication     : Running with Spring Boot v2.3.4.RELEASE, Spring v5.2.9.RELEASE
2020-10-11 20:17:06.390  INFO 18860 --- [main] c.g.s.SpringBoot01LoggingApplication     : No active profile set, falling back to default profiles: default
2020-10-11 20:17:07.162  INFO 18860 --- [main] o.s.b.w.embedded.tomcat.TomcatWebServer  : Tomcat initialized with port(s): 8080 (http)
2020-10-11 20:17:07.169  INFO 18860 --- [main] o.apache.catalina.core.StandardService   : Starting service [Tomcat]
2020-10-11 20:17:07.169  INFO 18860 --- [main] org.apache.catalina.core.StandardEngine  : Starting Servlet engine: [Apache Tomcat/9.0.38]
2020-10-11 20:17:07.239  INFO 18860 --- [main] o.a.c.c.C.[Tomcat].[localhost].[/]       : Initializing Spring embedded WebApplicationContext
2020-10-11 20:17:07.239  INFO 18860 --- [main] w.s.c.ServletWebServerApplicationContext : Root WebApplicationContext: initialization completed in 779 ms
2020-10-11 20:17:07.364  INFO 18860 --- [main] o.s.s.concurrent.ThreadPoolTaskExecutor  : Initializing ExecutorService 'applicationTaskExecutor'
2020-10-11 20:17:07.511  INFO 18860 --- [main] o.s.b.w.embedded.tomcat.TomcatWebServer  : Tomcat started on port(s): 8080 (http) with context path ''
2020-10-11 20:17:07.519  INFO 18860 --- [main] c.g.s.SpringBoot01LoggingApplication     : Started SpringBoot01LoggingApplication in 1.528 seconds (JVM running for 2.804)
